npm error code ERESOLVE
npm error ERESOLVE could not resolve
npm error
npm error While resolving: frontend@0.1.0
npm error Found: @tabler/icons-react@3.31.0
npm error node_modules/@tabler/icons-react
npm error   @tabler/icons-react@"^2.47.0" from the root project
npm error
npm error Could not resolve dependency:
npm error @tabler/icons-react@"^2.47.0" from the root project
npm error
npm error Conflicting peer dependency: react@18.3.1
npm error node_modules/react
npm error   peer react@"^16.5.1 || ^17.0.0 || ^18.0.0" from @tabler/icons-react@2.47.0
npm error   node_modules/@tabler/icons-react
npm error     @tabler/icons-react@"^2.47.0" from the root project
npm error
npm error Fix the upstream dependency conflict, or retry
npm error this command with --force or --legacy-peer-deps
npm error to accept an incorrect (and potentially broken) dependency resolution.
npm error
npm error
npm error For a full report see:
npm error C:\Users\KIIT\AppData\Local\npm-cache\_logs\2025-05-05T18_51_34_673Z-eresolve-report.txt
npm error A complete log of this run can be found in: C:\Users\KIIT\AppData\Local\npm-cache\_logs\2025-05-05T18_51_34_673Z-debug-0.log
